<?xml version="1.0" encoding="UTF-8"?>
<!-- Generated by org.testng.reporters.JUnitReportReporter -->
<testsuite hostname="admin-desktop" failures="0" tests="1" name="com.bridgelabz.test.Calculator" time="26.800" errors="0" timestamp="2020-01-08T14:13:38 IST" skipped="0">
  <testcase classname="com.bridgelabz.test.Calculator" name="addTest" time="26.800"/>
</testsuite> <!-- com.bridgelabz.test.Calculator -->
