<?xml version="1.0" encoding="UTF-8"?>
<!-- Generated by org.testng.reporters.JUnitReportReporter -->
<testsuite hostname="admin-desktop" failures="0" tests="1" name="com.bridgelabz.test.VerticalScrolling" time="28.476" errors="0" timestamp="2020-01-09T19:58:04 IST" skipped="0">
  <testcase classname="com.bridgelabz.test.VerticalScrolling" name="scrollingTest" time="28.476"/>
</testsuite> <!-- com.bridgelabz.test.VerticalScrolling -->
