<?xml version="1.0" encoding="UTF-8"?>
<!-- Generated by org.testng.reporters.JUnitReportReporter -->
<testsuite hostname="admin-desktop" failures="0" tests="1" name="com.bridgelabz.test.Calculator" time="19.112" errors="0" timestamp="2020-01-09T19:58:04 IST" skipped="0">
  <testcase classname="com.bridgelabz.test.Calculator" name="addTest" time="19.112"/>
</testsuite> <!-- com.bridgelabz.test.Calculator -->
