<?xml version="1.0" encoding="UTF-8"?>
<!-- Generated by org.testng.reporters.JUnitReportReporter -->
<testsuite hostname="admin-desktop" failures="0" tests="1" name="com.bridgelabz.test.InstallApk" time="15.818" errors="0" timestamp="2020-01-09T19:58:04 IST" skipped="0">
  <testcase classname="com.bridgelabz.test.InstallApk" name="installApkTest" time="15.818"/>
</testsuite> <!-- com.bridgelabz.test.InstallApk -->
